--- Copying files at Mon Nov  7 13:54:24 UTC 2022
INSTALLED plugins/jenkins-design-language.jpi : 1.25.8
INSTALLED plugins/pipeline-milestone-step.jpi : 101.vd572fef9d926
INSTALLED plugins/blueocean-github-pipeline.jpi : 1.25.8
INSTALLED plugins/snakeyaml-api.jpi : 1.32-86.ve3f030a_75631
INSTALLED plugins/scm-api.jpi : 621.vda_a_b_055e58f7
INSTALLED plugins/instance-identity.jpi : 116.vf8f487400980
INSTALLED plugins/authentication-tokens.jpi : 1.4
INSTALLED plugins/jsch.jpi : 0.1.55.61.va_e9ee26616e7
INSTALLED plugins/blueocean-commons.jpi : 1.25.8
INSTALLED plugins/ssh-credentials.jpi : 305.v8f4381501156
INSTALLED plugins/cloudbees-folder.jpi : 6.758.vfd75d09eea_a_1
INSTALLED plugins/ace-editor.jpi : 1.1
INSTALLED plugins/jjwt-api.jpi : 0.11.5-77.v646c772fddb_0
INSTALLED plugins/blueocean-display-url.jpi : 2.4.1
INSTALLED plugins/commons-lang3-api.jpi : 3.12.0-36.vd97de6465d5b_
INSTALLED plugins/bouncycastle-api.jpi : 2.26
INSTALLED plugins/blueocean-web.jpi : 1.25.8
INSTALLED plugins/cloudbees-bitbucket-branch-source.jpi : 791.vb_eea_a_476405b
INSTALLED plugins/workflow-basic-steps.jpi : 994.vd57e3ca_46d24
INSTALLED plugins/structs.jpi : 324.va_f5d6774f3a_d
INSTALLED plugins/durable-task.jpi : 501.ve5d4fc08b0be
INSTALLED plugins/workflow-durable-task-step.jpi : 1210.va_1e5d77e122b
INSTALLED plugins/workflow-multibranch.jpi : 716.vc692a_e52371b_
INSTALLED plugins/blueocean-events.jpi : 1.25.8
INSTALLED plugins/pipeline-graph-analysis.jpi : 195.v5812d95a_a_2f9
INSTALLED plugins/workflow-job.jpi : 1254.v3f64639b_11dd
INSTALLED plugins/htmlpublisher.jpi : 1.31
INSTALLED plugins/docker-commons.jpi : 1.21
INSTALLED plugins/javax-activation-api.jpi : 1.2.0-5
INSTALLED plugins/workflow-cps.jpi : 2803.v1a_f77ffcc773
INSTALLED plugins/workflow-scm-step.jpi : 400.v6b_89a_1317c9a_
INSTALLED plugins/pipeline-input-step.jpi : 456.vd8a_957db_5b_e9
INSTALLED plugins/blueocean-pipeline-editor.jpi : 1.25.8
INSTALLED plugins/blueocean-rest.jpi : 1.25.8
INSTALLED plugins/script-security.jpi : 1189.vb_a_b_7c8fd5fde
INSTALLED plugins/blueocean-personalization.jpi : 1.25.8
INSTALLED plugins/blueocean-pipeline-scm-api.jpi : 1.25.8
INSTALLED plugins/workflow-api.jpi : 1200.v8005c684b_a_c6
INSTALLED plugins/pubsub-light.jpi : 1.17
INSTALLED plugins/credentials-binding.jpi : 523.vd859a_4b_122e6
INSTALLED plugins/checks-api.jpi : 1.8.0
INSTALLED plugins/junit.jpi : 1156.vcf492e95a_a_b_0
INSTALLED plugins/jakarta-mail-api.jpi : 2.0.1-2
INSTALLED plugins/github-api.jpi : 1.303-400.v35c2d8258028
INSTALLED plugins/blueocean-rest-impl.jpi : 1.25.8
INSTALLED plugins/plain-credentials.jpi : 139.ved2b_9cf7587b
INSTALLED plugins/trilead-api.jpi : 2.72.v2a_3236754f73
INSTALLED plugins/jakarta-activation-api.jpi : 2.0.1-2
INSTALLED plugins/display-url-api.jpi : 2.3.6
INSTALLED plugins/blueocean-git-pipeline.jpi : 1.25.8
INSTALLED plugins/git.jpi : 4.13.0
INSTALLED plugins/pipeline-stage-tags-metadata.jpi : 2.2118.v31fd5b_9944b_5
INSTALLED plugins/git-client.jpi : 3.13.0
INSTALLED plugins/credentials.jpi : 1189.vf61b_a_5e2f62e
INSTALLED plugins/github.jpi : 1.36.0
INSTALLED plugins/variant.jpi : 59.vf075fe829ccb
INSTALLED plugins/workflow-step-api.jpi : 639.v6eca_cd8c04a_a_
INSTALLED plugins/pipeline-model-definition.jpi : 2.2118.v31fd5b_9944b_5
INSTALLED plugins/branch-api.jpi : 2.1046.v0ca_37783ecc5
INSTALLED plugins/token-macro.jpi : 308.v4f2b_ed62b_b_16
INSTALLED plugins/pipeline-model-api.jpi : 2.2118.v31fd5b_9944b_5
INSTALLED plugins/echarts-api.jpi : 5.4.0-1
INSTALLED plugins/caffeine-api.jpi : 2.9.3-65.v6a_47d0f4d1fe
INSTALLED plugins/blueocean-i18n.jpi : 1.25.8
INSTALLED plugins/workflow-support.jpi : 839.v35e2736cfd5c
INSTALLED plugins/github-branch-source.jpi : 1696.v3a_7603564d04
INSTALLED plugins/sse-gateway.jpi : 1.26
INSTALLED plugins/jaxb.jpi : 2.3.7-1
INSTALLED plugins/blueocean-pipeline-api-impl.jpi : 1.25.8
INSTALLED plugins/blueocean-core-js.jpi : 1.25.8
INSTALLED plugins/blueocean-autofavorite.jpi : 1.2.5
INSTALLED plugins/favorite.jpi : 2.4.1
INSTALLED plugins/jquery3-api.jpi : 3.6.1-2
INSTALLED plugins/blueocean.jpi : 1.25.8
INSTALLED plugins/font-awesome-api.jpi : 6.2.0-3
INSTALLED plugins/docker-workflow.jpi : 521.v1a_a_dd2073b_2e
INSTALLED plugins/bootstrap5-api.jpi : 5.2.1-3
INSTALLED plugins/plugin-util-api.jpi : 2.18.0
INSTALLED plugins/apache-httpcomponents-client-4-api.jpi : 4.5.13-138.v4e7d9a_7b_a_e61
INSTALLED plugins/jackson2-api.jpi : 2.13.4.20221013-295.v8e29ea_354141
INSTALLED plugins/blueocean-dashboard.jpi : 1.25.8
INSTALLED plugins/mailer.jpi : 438.v02c7f0a_12fa_4
INSTALLED plugins/blueocean-config.jpi : 1.25.8
INSTALLED plugins/matrix-project.jpi : 785.v06b_7f47b_c631
INSTALLED plugins/popper2-api.jpi : 2.11.6-2
INSTALLED plugins/blueocean-jwt.jpi : 1.25.8
INSTALLED plugins/blueocean-bitbucket-pipeline.jpi : 1.25.8
INSTALLED plugins/pipeline-build-step.jpi : 2.18
INSTALLED plugins/pipeline-groovy-lib.jpi : 613.v9c41a_160233f
INSTALLED plugins/ionicons-api.jpi : 31.v4757b_6987003
INSTALLED plugins/handy-uri-templates-2-api.jpi : 2.1.8-22.v77d5b_75e6953
INSTALLED plugins/pipeline-stage-step.jpi : 296.v5f6908f017a_5
INSTALLED plugins/okhttp-api.jpi : 4.9.3-108.v0feda04578cf
INSTALLED plugins/commons-text-api.jpi : 1.10.0-27.vb_fa_3896786a_7
INSTALLED plugins/pipeline-model-extensions.jpi : 2.2118.v31fd5b_9944b_5
--- Copying files at Mon Nov  7 14:13:17 UTC 2022
SKIPPED plugins/workflow-cps.jpi : Installed version (3520.va_8fc49e2f96f) has been manually upgraded from initial version (2803.v1a_f77ffcc773)
SKIPPED plugins/docker-workflow.jpi : Installed version (528.v7c193a_0b_e67c) has been manually upgraded from initial version (521.v1a_a_dd2073b_2e)
--- Copying files at Tue Nov  8 07:31:03 UTC 2022
SKIPPED plugins/workflow-cps.jpi : Installed version (3520.va_8fc49e2f96f) has been manually upgraded from initial version (2803.v1a_f77ffcc773)
SKIPPED plugins/docker-workflow.jpi : Installed version (528.v7c193a_0b_e67c) has been manually upgraded from initial version (521.v1a_a_dd2073b_2e)
--- Copying files at Tue Nov  8 07:54:11 UTC 2022
SKIPPED plugins/workflow-cps.jpi : Installed version (3520.va_8fc49e2f96f) has been manually upgraded from initial version (2803.v1a_f77ffcc773)
SKIPPED plugins/docker-workflow.jpi : Installed version (528.v7c193a_0b_e67c) has been manually upgraded from initial version (521.v1a_a_dd2073b_2e)
